<?xml version="1.0" encoding="UTF-8"?>
<testsuite name="TestDelegatesExamples" tests="2" skipped="0" failures="0" errors="0" timestamp="2020-12-06T14:47:10" hostname="Macbooks-MacBook-Pro.local" time="0.014">
  <properties/>
  <testcase name="testLazy" classname="TestDelegatesExamples" time="0.012"/>
  <testcase name="initializedOnce" classname="TestDelegatesExamples" time="0.001"/>
  <system-out><![CDATA[]]></system-out>
  <system-err><![CDATA[]]></system-err>
</testsuite>
