<?xml version="1.0" encoding="UTF-8"?>
<testsuite name="TestTheFunctionWith" tests="2" skipped="0" failures="0" errors="0" timestamp="2020-12-06T15:09:52" hostname="Macbooks-MacBook-Pro.local" time="0.006">
  <properties/>
  <testcase name="testCreateString" classname="TestTheFunctionWith" time="0.005"/>
  <testcase name="testCreateMap" classname="TestTheFunctionWith" time="0.001"/>
  <system-out><![CDATA[]]></system-out>
  <system-err><![CDATA[]]></system-err>
</testsuite>
