<?xml version="1.0" encoding="UTF-8"?>
<testsuite name="TestPartition" tests="1" skipped="0" failures="0" errors="0" timestamp="2020-12-06T10:01:02" hostname="Macbooks-MacBook-Pro.local" time="0.034">
  <properties/>
  <testcase name="testGetCustomersWhoHaveMoreUndeliveredOrdersThanDelivered" classname="TestPartition" time="0.034"/>
  <system-out><![CDATA[]]></system-out>
  <system-err><![CDATA[]]></system-err>
</testsuite>
