<?xml version="1.0" encoding="UTF-8"?>
<testsuite name="Test" tests="1" skipped="0" failures="0" errors="0" timestamp="2020-12-06T07:03:59" hostname="Macbooks-MacBook-Pro.local" time="0.032">
  <properties/>
  <testcase name="testRandom" classname="Test" time="0.032"/>
  <system-out><![CDATA[]]></system-out>
  <system-err><![CDATA[]]></system-err>
</testsuite>
