<?xml version="1.0" encoding="UTF-8"?>
<testsuite name="TestDataClasses" tests="2" skipped="0" failures="0" errors="0" timestamp="2020-12-06T06:59:15" hostname="Macbooks-MacBook-Pro.local" time="0.017">
  <properties/>
  <testcase name="testComparePeople" classname="TestDataClasses" time="0.003"/>
  <testcase name="testListOfPeople" classname="TestDataClasses" time="0.013"/>
  <system-out><![CDATA[]]></system-out>
  <system-err><![CDATA[]]></system-err>
</testsuite>
