<?xml version="1.0" encoding="UTF-8"?>
<testsuite name="TestProperties" tests="1" skipped="0" failures="0" errors="0" timestamp="2020-12-06T11:26:02" hostname="Macbooks-MacBook-Pro.local" time="0.003">
  <properties/>
  <testcase name="testPropertyWithCounter" classname="TestProperties" time="0.003"/>
  <system-out><![CDATA[]]></system-out>
  <system-err><![CDATA[]]></system-err>
</testsuite>
