<?xml version="1.0" encoding="UTF-8"?>
<testsuite name="Test" tests="1" skipped="0" failures="0" errors="0" timestamp="2020-12-06T06:16:22" hostname="Macbooks-MacBook-Pro.local" time="0.036">
  <properties/>
  <testcase name="testSolution" classname="Test" time="0.036"/>
  <system-out><![CDATA[]]></system-out>
  <system-err><![CDATA[]]></system-err>
</testsuite>
