<?xml version="1.0" encoding="UTF-8"?>
<testsuite name="TestSum" tests="2" skipped="0" failures="0" errors="0" timestamp="2020-12-06T09:38:34" hostname="Macbooks-MacBook-Pro.local" time="0.033">
  <properties/>
  <testcase name="testGetTotalOrderPrice" classname="TestSum" time="0.032"/>
  <testcase name="testGetTotalOrderPrice1" classname="TestSum" time="0.0"/>
  <system-out><![CDATA[]]></system-out>
  <system-err><![CDATA[]]></system-err>
</testsuite>
