<?xml version="1.0" encoding="UTF-8"?>
<testsuite name="TestFold" tests="1" skipped="0" failures="0" errors="0" timestamp="2020-12-06T10:42:37" hostname="Macbooks-MacBook-Pro.local" time="0.031">
  <properties/>
  <testcase name="testGetProductsOrderedByAllCustomers" classname="TestFold" time="0.031"/>
  <system-out><![CDATA[]]></system-out>
  <system-err><![CDATA[]]></system-err>
</testsuite>
