<?xml version="1.0" encoding="UTF-8"?>
<testsuite name="TestHtmlBuilders" tests="2" skipped="0" failures="0" errors="0" timestamp="2020-12-06T15:20:39" hostname="Macbooks-MacBook-Pro.local" time="0.034">
  <properties/>
  <testcase name="productTableIsColored" classname="TestHtmlBuilders" time="0.033"/>
  <testcase name="productTableIsFilled" classname="TestHtmlBuilders" time="0.001"/>
  <system-out><![CDATA[]]></system-out>
  <system-err><![CDATA[]]></system-err>
</testsuite>
