<?xml version="1.0" encoding="UTF-8"?>
<testsuite name="TestLambdas" tests="2" skipped="0" failures="0" errors="0" timestamp="2020-12-06T06:36:39" hostname="Macbooks-MacBook-Pro.local" time="0.017">
  <properties/>
  <testcase name="contains" classname="TestLambdas" time="0.016"/>
  <testcase name="notContains" classname="TestLambdas" time="0.001"/>
  <system-out><![CDATA[]]></system-out>
  <system-err><![CDATA[]]></system-err>
</testsuite>
