<?xml version="1.0" encoding="UTF-8"?>
<testsuite name="TestGroupBy" tests="1" skipped="0" failures="0" errors="0" timestamp="2020-12-06T09:40:59" hostname="Macbooks-MacBook-Pro.local" time="0.032">
  <properties/>
  <testcase name="testGroupCustomersByCity" classname="TestGroupBy" time="0.032"/>
  <system-out><![CDATA[]]></system-out>
  <system-err><![CDATA[]]></system-err>
</testsuite>
